<?xml version="1.0" encoding="UTF-8"?>
<coverage generated="1598395076638" clover="3.2.0">
  <project timestamp="1598395076638" name="All files">
    <metrics statements="98" coveredstatements="94" conditionals="47" coveredconditionals="41" methods="23" coveredmethods="23" elements="168" coveredelements="158" complexity="0" loc="98" ncloc="98" packages="2" files="6" classes="6"/>
    <package name="src">
      <metrics statements="45" coveredstatements="44" conditionals="21" coveredconditionals="19" methods="9" coveredmethods="9"/>
      <file name="index.js" path="/home/yb/Projects/frontend-project-lvl2/src/index.js">
        <metrics statements="8" coveredstatements="8" conditionals="1" coveredconditionals="0" methods="2" coveredmethods="2"/>
        <line num="8" count="18" type="stmt"/>
        <line num="10" count="1" type="cond" truecount="0" falsecount="1"/>
        <line num="11" count="9" type="stmt"/>
        <line num="12" count="9" type="stmt"/>
        <line num="13" count="9" type="stmt"/>
        <line num="14" count="9" type="stmt"/>
        <line num="15" count="9" type="stmt"/>
        <line num="16" count="9" type="stmt"/>
      </file>
      <file name="makeDiff.js" path="/home/yb/Projects/frontend-project-lvl2/src/makeDiff.js">
        <metrics statements="16" coveredstatements="16" conditionals="10" coveredconditionals="10" methods="3" coveredmethods="3"/>
        <line num="3" count="1" type="stmt"/>
        <line num="4" count="45" type="stmt"/>
        <line num="5" count="45" type="stmt"/>
        <line num="6" count="45" type="stmt"/>
        <line num="8" count="45" type="stmt"/>
        <line num="9" count="162" type="cond" truecount="2" falsecount="0"/>
        <line num="10" count="18" type="stmt"/>
        <line num="12" count="144" type="cond" truecount="2" falsecount="0"/>
        <line num="13" count="45" type="stmt"/>
        <line num="15" count="99" type="cond" truecount="4" falsecount="0"/>
        <line num="16" count="36" type="stmt"/>
        <line num="18" count="63" type="cond" truecount="2" falsecount="0"/>
        <line num="19" count="27" type="stmt"/>
        <line num="21" count="36" type="stmt"/>
        <line num="25" count="162" type="stmt"/>
        <line num="26" count="45" type="stmt"/>
      </file>
      <file name="parsers.js" path="/home/yb/Projects/frontend-project-lvl2/src/parsers.js">
        <metrics statements="21" coveredstatements="20" conditionals="10" coveredconditionals="9" methods="4" coveredmethods="4"/>
        <line num="6" count="18" type="cond" truecount="2" falsecount="0"/>
        <line num="7" count="6" type="stmt"/>
        <line num="9" count="12" type="cond" truecount="2" falsecount="0"/>
        <line num="10" count="6" type="stmt"/>
        <line num="12" count="6" type="cond" truecount="1" falsecount="1"/>
        <line num="13" count="6" type="stmt"/>
        <line num="14" count="6" type="stmt"/>
        <line num="15" count="69" type="stmt"/>
        <line num="16" count="69" type="stmt"/>
        <line num="18" count="6" type="stmt"/>
        <line num="19" count="54" type="stmt"/>
        <line num="20" count="54" type="stmt"/>
        <line num="21" count="117" type="cond" truecount="2" falsecount="0"/>
        <line num="22" count="48" type="stmt"/>
        <line num="23" count="48" type="stmt"/>
        <line num="25" count="69" type="cond" truecount="2" falsecount="0"/>
        <line num="26" count="69" type="stmt"/>
        <line num="28" count="54" type="stmt"/>
        <line num="29" count="54" type="stmt"/>
        <line num="31" count="6" type="stmt"/>
        <line num="33" count="0" type="stmt"/>
      </file>
    </package>
    <package name="src.formatters">
      <metrics statements="53" coveredstatements="50" conditionals="26" coveredconditionals="22" methods="14" coveredmethods="14"/>
      <file name="index.js" path="/home/yb/Projects/frontend-project-lvl2/src/formatters/index.js">
        <metrics statements="7" coveredstatements="6" conditionals="6" coveredconditionals="5" methods="1" coveredmethods="1"/>
        <line num="5" count="9" type="cond" truecount="2" falsecount="0"/>
        <line num="6" count="3" type="stmt"/>
        <line num="7" count="6" type="cond" truecount="2" falsecount="0"/>
        <line num="8" count="3" type="stmt"/>
        <line num="9" count="3" type="cond" truecount="1" falsecount="1"/>
        <line num="10" count="3" type="stmt"/>
        <line num="12" count="0" type="stmt"/>
      </file>
      <file name="plain.js" path="/home/yb/Projects/frontend-project-lvl2/src/formatters/plain.js">
        <metrics statements="23" coveredstatements="22" conditionals="10" coveredconditionals="9" methods="6" coveredmethods="6"/>
        <line num="1" count="1" type="stmt"/>
        <line num="2" count="39" type="cond" truecount="2" falsecount="0"/>
        <line num="3" count="12" type="stmt"/>
        <line num="5" count="27" type="cond" truecount="2" falsecount="0"/>
        <line num="6" count="21" type="stmt"/>
        <line num="8" count="6" type="stmt"/>
        <line num="11" count="1" type="stmt"/>
        <line num="12" count="3" type="cond" truecount="1" falsecount="0"/>
        <line num="13" count="15" type="stmt"/>
        <line num="14" count="45" type="stmt"/>
        <line num="15" count="45" type="stmt"/>
        <line num="16" count="45" type="cond" truecount="4" falsecount="1"/>
        <line num="18" count="12" type="stmt"/>
        <line num="19" count="12" type="stmt"/>
        <line num="22" count="6" type="stmt"/>
        <line num="25" count="15" type="stmt"/>
        <line num="28" count="12" type="stmt"/>
        <line num="31" count="0" type="stmt"/>
        <line num="34" count="54" type="stmt"/>
        <line num="35" count="45" type="stmt"/>
        <line num="36" count="15" type="stmt"/>
        <line num="37" count="15" type="stmt"/>
        <line num="39" count="3" type="stmt"/>
      </file>
      <file name="stylish.js" path="/home/yb/Projects/frontend-project-lvl2/src/formatters/stylish.js">
        <metrics statements="23" coveredstatements="22" conditionals="10" coveredconditionals="8" methods="7" coveredmethods="7"/>
        <line num="3" count="153" type="stmt"/>
        <line num="5" count="1" type="cond" truecount="0" falsecount="1"/>
        <line num="6" count="84" type="cond" truecount="2" falsecount="0"/>
        <line num="7" count="24" type="stmt"/>
        <line num="8" count="30" type="stmt"/>
        <line num="9" count="24" type="stmt"/>
        <line num="10" count="24" type="stmt"/>
        <line num="12" count="60" type="stmt"/>
        <line num="15" count="1" type="stmt"/>
        <line num="16" count="3" type="cond" truecount="1" falsecount="0"/>
        <line num="17" count="15" type="stmt"/>
        <line num="18" count="54" type="cond" truecount="5" falsecount="1"/>
        <line num="20" count="12" type="stmt"/>
        <line num="21" count="12" type="stmt"/>
        <line num="24" count="15" type="stmt"/>
        <line num="27" count="6" type="stmt"/>
        <line num="30" count="9" type="stmt"/>
        <line num="33" count="12" type="stmt"/>
        <line num="36" count="0" type="stmt"/>
        <line num="39" count="54" type="stmt"/>
        <line num="40" count="15" type="stmt"/>
        <line num="41" count="15" type="stmt"/>
        <line num="43" count="3" type="stmt"/>
      </file>
    </package>
  </project>
</coverage>
