{"/home/yb/Projects/frontend-project-lvl2/src/index.js": {"path":"/home/yb/Projects/frontend-project-lvl2/src/index.js","statementMap":{"0":{"start":{"line":8,"column":17},"end":{"line":8,"column":94}},"1":{"start":{"line":8,"column":31},"end":{"line":8,"column":94}},"2":{"start":{"line":10,"column":16},"end":{"line":17,"column":1}},"3":{"start":{"line":11,"column":16},"end":{"line":11,"column":35}},"4":{"start":{"line":12,"column":16},"end":{"line":12,"column":35}},"5":{"start":{"line":13,"column":15},"end":{"line":13,"column":56}},"6":{"start":{"line":14,"column":15},"end":{"line":14,"column":56}},"7":{"start":{"line":15,"column":22},"end":{"line":15,"column":42}},"8":{"start":{"line":16,"column":2},"end":{"line":16,"column":40}}},"fnMap":{"0":{"name":"(anonymous_0)","decl":{"start":{"line":8,"column":17},"end":{"line":8,"column":18}},"loc":{"start":{"line":8,"column":31},"end":{"line":8,"column":94}},"line":8},"1":{"name":"(anonymous_1)","decl":{"start":{"line":10,"column":16},"end":{"line":10,"column":17}},"loc":{"start":{"line":10,"column":62},"end":{"line":17,"column":1}},"line":10}},"branchMap":{"0":{"loc":{"start":{"line":10,"column":39},"end":{"line":10,"column":57}},"type":"default-arg","locations":[{"start":{"line":10,"column":48},"end":{"line":10,"column":57}}],"line":10}},"s":{"0":1,"1":18,"2":1,"3":9,"4":9,"5":9,"6":9,"7":9,"8":9},"f":{"0":18,"1":9},"b":{"0":[0]},"_coverageSchema":"1a1c01bbd47fc00a2c39e90264f33305004495a9","hash":"94aa2960ea94e50ce80825e110b8f4904b75eee9"}
,"/home/yb/Projects/frontend-project-lvl2/src/makeDiff.js": {"path":"/home/yb/Projects/frontend-project-lvl2/src/makeDiff.js","statementMap":{"0":{"start":{"line":3,"column":17},"end":{"line":27,"column":1}},"1":{"start":{"line":4,"column":16},"end":{"line":4,"column":33}},"2":{"start":{"line":5,"column":16},"end":{"line":5,"column":33}},"3":{"start":{"line":6,"column":15},"end":{"line":6,"column":36}},"4":{"start":{"line":8,"column":21},"end":{"line":24,"column":3}},"5":{"start":{"line":9,"column":4},"end":{"line":11,"column":5}},"6":{"start":{"line":10,"column":6},"end":{"line":10,"column":62}},"7":{"start":{"line":12,"column":4},"end":{"line":14,"column":5}},"8":{"start":{"line":13,"column":6},"end":{"line":13,"column":60}},"9":{"start":{"line":15,"column":4},"end":{"line":17,"column":5}},"10":{"start":{"line":16,"column":6},"end":{"line":16,"column":85}},"11":{"start":{"line":18,"column":4},"end":{"line":20,"column":5}},"12":{"start":{"line":19,"column":6},"end":{"line":19,"column":64}},"13":{"start":{"line":21,"column":4},"end":{"line":23,"column":6}},"14":{"start":{"line":25,"column":25},"end":{"line":25,"column":59}},"15":{"start":{"line":25,"column":43},"end":{"line":25,"column":58}},"16":{"start":{"line":26,"column":2},"end":{"line":26,"column":24}}},"fnMap":{"0":{"name":"(anonymous_0)","decl":{"start":{"line":3,"column":17},"end":{"line":3,"column":18}},"loc":{"start":{"line":3,"column":33},"end":{"line":27,"column":1}},"line":3},"1":{"name":"(anonymous_1)","decl":{"start":{"line":8,"column":21},"end":{"line":8,"column":22}},"loc":{"start":{"line":8,"column":30},"end":{"line":24,"column":3}},"line":8},"2":{"name":"(anonymous_2)","decl":{"start":{"line":25,"column":34},"end":{"line":25,"column":35}},"loc":{"start":{"line":25,"column":43},"end":{"line":25,"column":58}},"line":25}},"branchMap":{"0":{"loc":{"start":{"line":9,"column":4},"end":{"line":11,"column":5}},"type":"if","locations":[{"start":{"line":9,"column":4},"end":{"line":11,"column":5}},{"start":{"line":9,"column":4},"end":{"line":11,"column":5}}],"line":9},"1":{"loc":{"start":{"line":12,"column":4},"end":{"line":14,"column":5}},"type":"if","locations":[{"start":{"line":12,"column":4},"end":{"line":14,"column":5}},{"start":{"line":12,"column":4},"end":{"line":14,"column":5}}],"line":12},"2":{"loc":{"start":{"line":15,"column":4},"end":{"line":17,"column":5}},"type":"if","locations":[{"start":{"line":15,"column":4},"end":{"line":17,"column":5}},{"start":{"line":15,"column":4},"end":{"line":17,"column":5}}],"line":15},"3":{"loc":{"start":{"line":15,"column":8},"end":{"line":15,"column":54}},"type":"binary-expr","locations":[{"start":{"line":15,"column":8},"end":{"line":15,"column":29}},{"start":{"line":15,"column":33},"end":{"line":15,"column":54}}],"line":15},"4":{"loc":{"start":{"line":18,"column":4},"end":{"line":20,"column":5}},"type":"if","locations":[{"start":{"line":18,"column":4},"end":{"line":20,"column":5}},{"start":{"line":18,"column":4},"end":{"line":20,"column":5}}],"line":18}},"s":{"0":1,"1":45,"2":45,"3":45,"4":45,"5":162,"6":18,"7":144,"8":45,"9":99,"10":36,"11":63,"12":27,"13":36,"14":45,"15":162,"16":45},"f":{"0":45,"1":162,"2":162},"b":{"0":[18,144],"1":[45,99],"2":[36,63],"3":[99,45],"4":[27,36]},"_coverageSchema":"1a1c01bbd47fc00a2c39e90264f33305004495a9","hash":"fbc22f9a4e86ec76f0597bcb67f65c61f6fe88bd"}
,"/home/yb/Projects/frontend-project-lvl2/src/parsers.js": {"path":"/home/yb/Projects/frontend-project-lvl2/src/parsers.js","statementMap":{"0":{"start":{"line":6,"column":2},"end":{"line":8,"column":3}},"1":{"start":{"line":7,"column":4},"end":{"line":7,"column":32}},"2":{"start":{"line":9,"column":2},"end":{"line":11,"column":3}},"3":{"start":{"line":10,"column":4},"end":{"line":10,"column":35}},"4":{"start":{"line":12,"column":2},"end":{"line":32,"column":3}},"5":{"start":{"line":13,"column":19},"end":{"line":13,"column":38}},"6":{"start":{"line":14,"column":22},"end":{"line":17,"column":5}},"7":{"start":{"line":15,"column":21},"end":{"line":15,"column":38}},"8":{"start":{"line":16,"column":6},"end":{"line":16,"column":35}},"9":{"start":{"line":18,"column":27},"end":{"line":30,"column":5}},"10":{"start":{"line":19,"column":19},"end":{"line":19,"column":35}},"11":{"start":{"line":20,"column":30},"end":{"line":27,"column":7}},"12":{"start":{"line":21,"column":8},"end":{"line":24,"column":9}},"13":{"start":{"line":22,"column":10},"end":{"line":22,"column":46}},"14":{"start":{"line":23,"column":10},"end":{"line":23,"column":21}},"15":{"start":{"line":25,"column":8},"end":{"line":25,"column":73}},"16":{"start":{"line":26,"column":8},"end":{"line":26,"column":19}},"17":{"start":{"line":28,"column":21},"end":{"line":28,"column":53}},"18":{"start":{"line":29,"column":6},"end":{"line":29,"column":20}},"19":{"start":{"line":31,"column":4},"end":{"line":31,"column":34}},"20":{"start":{"line":33,"column":2},"end":{"line":33,"column":43}}},"fnMap":{"0":{"name":"(anonymous_0)","decl":{"start":{"line":5,"column":15},"end":{"line":5,"column":16}},"loc":{"start":{"line":5,"column":37},"end":{"line":34,"column":1}},"line":5},"1":{"name":"(anonymous_1)","decl":{"start":{"line":14,"column":22},"end":{"line":14,"column":23}},"loc":{"start":{"line":14,"column":33},"end":{"line":17,"column":5}},"line":14},"2":{"name":"(anonymous_2)","decl":{"start":{"line":18,"column":27},"end":{"line":18,"column":28}},"loc":{"start":{"line":18,"column":36},"end":{"line":30,"column":5}},"line":18},"3":{"name":"(anonymous_3)","decl":{"start":{"line":20,"column":30},"end":{"line":20,"column":31}},"loc":{"start":{"line":20,"column":44},"end":{"line":27,"column":7}},"line":20}},"branchMap":{"0":{"loc":{"start":{"line":6,"column":2},"end":{"line":8,"column":3}},"type":"if","locations":[{"start":{"line":6,"column":2},"end":{"line":8,"column":3}},{"start":{"line":6,"column":2},"end":{"line":8,"column":3}}],"line":6},"1":{"loc":{"start":{"line":9,"column":2},"end":{"line":11,"column":3}},"type":"if","locations":[{"start":{"line":9,"column":2},"end":{"line":11,"column":3}},{"start":{"line":9,"column":2},"end":{"line":11,"column":3}}],"line":9},"2":{"loc":{"start":{"line":12,"column":2},"end":{"line":32,"column":3}},"type":"if","locations":[{"start":{"line":12,"column":2},"end":{"line":32,"column":3}},{"start":{"line":12,"column":2},"end":{"line":32,"column":3}}],"line":12},"3":{"loc":{"start":{"line":21,"column":8},"end":{"line":24,"column":9}},"type":"if","locations":[{"start":{"line":21,"column":8},"end":{"line":24,"column":9}},{"start":{"line":21,"column":8},"end":{"line":24,"column":9}}],"line":21},"4":{"loc":{"start":{"line":25,"column":19},"end":{"line":25,"column":72}},"type":"cond-expr","locations":[{"start":{"line":25,"column":41},"end":{"line":25,"column":61}},{"start":{"line":25,"column":64},"end":{"line":25,"column":72}}],"line":25}},"s":{"0":18,"1":6,"2":12,"3":6,"4":6,"5":6,"6":6,"7":69,"8":69,"9":6,"10":54,"11":54,"12":117,"13":48,"14":48,"15":69,"16":69,"17":54,"18":54,"19":6,"20":0},"f":{"0":18,"1":69,"2":54,"3":117},"b":{"0":[6,12],"1":[6,6],"2":[6,0],"3":[48,69],"4":[15,54]},"_coverageSchema":"1a1c01bbd47fc00a2c39e90264f33305004495a9","hash":"3fd1fb82b3f01c173366a23dd402b754f97ccd5c"}
,"/home/yb/Projects/frontend-project-lvl2/src/formatters/index.js": {"path":"/home/yb/Projects/frontend-project-lvl2/src/formatters/index.js","statementMap":{"0":{"start":{"line":5,"column":2},"end":{"line":7,"column":3}},"1":{"start":{"line":6,"column":4},"end":{"line":6,"column":29}},"2":{"start":{"line":7,"column":4},"end":{"line":9,"column":3}},"3":{"start":{"line":8,"column":4},"end":{"line":8,"column":36}},"4":{"start":{"line":9,"column":4},"end":{"line":11,"column":3}},"5":{"start":{"line":10,"column":4},"end":{"line":10,"column":36}},"6":{"start":{"line":12,"column":2},"end":{"line":12,"column":43}}},"fnMap":{"0":{"name":"(anonymous_0)","decl":{"start":{"line":4,"column":15},"end":{"line":4,"column":16}},"loc":{"start":{"line":4,"column":37},"end":{"line":13,"column":1}},"line":4}},"branchMap":{"0":{"loc":{"start":{"line":5,"column":2},"end":{"line":7,"column":3}},"type":"if","locations":[{"start":{"line":5,"column":2},"end":{"line":7,"column":3}},{"start":{"line":5,"column":2},"end":{"line":7,"column":3}}],"line":5},"1":{"loc":{"start":{"line":7,"column":4},"end":{"line":9,"column":3}},"type":"if","locations":[{"start":{"line":7,"column":4},"end":{"line":9,"column":3}},{"start":{"line":7,"column":4},"end":{"line":9,"column":3}}],"line":7},"2":{"loc":{"start":{"line":9,"column":4},"end":{"line":11,"column":3}},"type":"if","locations":[{"start":{"line":9,"column":4},"end":{"line":11,"column":3}},{"start":{"line":9,"column":4},"end":{"line":11,"column":3}}],"line":9}},"s":{"0":9,"1":3,"2":6,"3":3,"4":3,"5":3,"6":0},"f":{"0":9},"b":{"0":[3,6],"1":[3,3],"2":[3,0]},"_coverageSchema":"1a1c01bbd47fc00a2c39e90264f33305004495a9","hash":"f2fdc6bb5cccef6479ee69e3779e838f7cf95200"}
,"/home/yb/Projects/frontend-project-lvl2/src/formatters/plain.js": {"path":"/home/yb/Projects/frontend-project-lvl2/src/formatters/plain.js","statementMap":{"0":{"start":{"line":1,"column":20},"end":{"line":9,"column":1}},"1":{"start":{"line":2,"column":2},"end":{"line":4,"column":3}},"2":{"start":{"line":3,"column":4},"end":{"line":3,"column":29}},"3":{"start":{"line":5,"column":2},"end":{"line":7,"column":3}},"4":{"start":{"line":6,"column":4},"end":{"line":6,"column":24}},"5":{"start":{"line":8,"column":2},"end":{"line":8,"column":15}},"6":{"start":{"line":11,"column":23},"end":{"line":40,"column":1}},"7":{"start":{"line":12,"column":15},"end":{"line":38,"column":3}},"8":{"start":{"line":13,"column":29},"end":{"line":33,"column":5}},"9":{"start":{"line":14,"column":23},"end":{"line":14,"column":44}},"10":{"start":{"line":15,"column":23},"end":{"line":15,"column":41}},"11":{"start":{"line":16,"column":6},"end":{"line":32,"column":7}},"12":{"start":{"line":18,"column":27},"end":{"line":18,"column":56}},"13":{"start":{"line":19,"column":10},"end":{"line":19,"column":26}},"14":{"start":{"line":22,"column":10},"end":{"line":22,"column":54}},"15":{"start":{"line":25,"column":10},"end":{"line":25,"column":91}},"16":{"start":{"line":28,"column":10},"end":{"line":28,"column":129}},"17":{"start":{"line":31,"column":10},"end":{"line":31,"column":21}},"18":{"start":{"line":34,"column":27},"end":{"line":35,"column":40}},"19":{"start":{"line":34,"column":47},"end":{"line":34,"column":70}},"20":{"start":{"line":35,"column":19},"end":{"line":35,"column":39}},"21":{"start":{"line":36,"column":19},"end":{"line":36,"column":44}},"22":{"start":{"line":37,"column":4},"end":{"line":37,"column":18}},"23":{"start":{"line":39,"column":2},"end":{"line":39,"column":20}}},"fnMap":{"0":{"name":"(anonymous_0)","decl":{"start":{"line":1,"column":20},"end":{"line":1,"column":21}},"loc":{"start":{"line":1,"column":31},"end":{"line":9,"column":1}},"line":1},"1":{"name":"(anonymous_1)","decl":{"start":{"line":11,"column":23},"end":{"line":11,"column":24}},"loc":{"start":{"line":11,"column":33},"end":{"line":40,"column":1}},"line":11},"2":{"name":"(anonymous_2)","decl":{"start":{"line":12,"column":15},"end":{"line":12,"column":16}},"loc":{"start":{"line":12,"column":37},"end":{"line":38,"column":3}},"line":12},"3":{"name":"(anonymous_3)","decl":{"start":{"line":13,"column":29},"end":{"line":13,"column":30}},"loc":{"start":{"line":13,"column":39},"end":{"line":33,"column":5}},"line":13},"4":{"name":"(anonymous_4)","decl":{"start":{"line":34,"column":39},"end":{"line":34,"column":40}},"loc":{"start":{"line":34,"column":47},"end":{"line":34,"column":70}},"line":34},"5":{"name":"(anonymous_5)","decl":{"start":{"line":35,"column":11},"end":{"line":35,"column":12}},"loc":{"start":{"line":35,"column":19},"end":{"line":35,"column":39}},"line":35}},"branchMap":{"0":{"loc":{"start":{"line":2,"column":2},"end":{"line":4,"column":3}},"type":"if","locations":[{"start":{"line":2,"column":2},"end":{"line":4,"column":3}},{"start":{"line":2,"column":2},"end":{"line":4,"column":3}}],"line":2},"1":{"loc":{"start":{"line":5,"column":2},"end":{"line":7,"column":3}},"type":"if","locations":[{"start":{"line":5,"column":2},"end":{"line":7,"column":3}},{"start":{"line":5,"column":2},"end":{"line":7,"column":3}}],"line":5},"2":{"loc":{"start":{"line":12,"column":22},"end":{"line":12,"column":32}},"type":"default-arg","locations":[{"start":{"line":12,"column":30},"end":{"line":12,"column":32}}],"line":12},"3":{"loc":{"start":{"line":16,"column":6},"end":{"line":32,"column":7}},"type":"switch","locations":[{"start":{"line":17,"column":8},"end":{"line":20,"column":9}},{"start":{"line":21,"column":8},"end":{"line":23,"column":9}},{"start":{"line":24,"column":8},"end":{"line":26,"column":9}},{"start":{"line":27,"column":8},"end":{"line":29,"column":9}},{"start":{"line":30,"column":8},"end":{"line":31,"column":21}}],"line":16}},"s":{"0":1,"1":39,"2":12,"3":27,"4":21,"5":6,"6":1,"7":3,"8":15,"9":45,"10":45,"11":45,"12":12,"13":12,"14":6,"15":15,"16":12,"17":0,"18":15,"19":54,"20":45,"21":15,"22":15,"23":3},"f":{"0":39,"1":3,"2":15,"3":45,"4":54,"5":45},"b":{"0":[12,27],"1":[21,6],"2":[3],"3":[12,6,15,12,0]},"_coverageSchema":"1a1c01bbd47fc00a2c39e90264f33305004495a9","hash":"605376d9c3e48c3392250944c0c3f0533757bf8d"}
,"/home/yb/Projects/frontend-project-lvl2/src/formatters/stylish.js": {"path":"/home/yb/Projects/frontend-project-lvl2/src/formatters/stylish.js","statementMap":{"0":{"start":{"line":3,"column":19},"end":{"line":3,"column":48}},"1":{"start":{"line":3,"column":30},"end":{"line":3,"column":48}},"2":{"start":{"line":5,"column":20},"end":{"line":13,"column":1}},"3":{"start":{"line":6,"column":2},"end":{"line":11,"column":3}},"4":{"start":{"line":7,"column":17},"end":{"line":7,"column":35}},"5":{"start":{"line":8,"column":26},"end":{"line":8,"column":92}},"6":{"start":{"line":8,"column":44},"end":{"line":8,"column":91}},"7":{"start":{"line":9,"column":19},"end":{"line":9,"column":67}},"8":{"start":{"line":10,"column":4},"end":{"line":10,"column":73}},"9":{"start":{"line":12,"column":2},"end":{"line":12,"column":15}},"10":{"start":{"line":15,"column":16},"end":{"line":44,"column":1}},"11":{"start":{"line":16,"column":15},"end":{"line":42,"column":3}},"12":{"start":{"line":17,"column":29},"end":{"line":38,"column":5}},"13":{"start":{"line":18,"column":6},"end":{"line":37,"column":7}},"14":{"start":{"line":20,"column":27},"end":{"line":20,"column":57}},"15":{"start":{"line":21,"column":10},"end":{"line":21,"column":69}},"16":{"start":{"line":24,"column":10},"end":{"line":24,"column":93}},"17":{"start":{"line":27,"column":10},"end":{"line":27,"column":93}},"18":{"start":{"line":30,"column":10},"end":{"line":30,"column":93}},"19":{"start":{"line":33,"column":10},"end":{"line":33,"column":180}},"20":{"start":{"line":36,"column":10},"end":{"line":36,"column":33}},"21":{"start":{"line":39,"column":27},"end":{"line":39,"column":65}},"22":{"start":{"line":39,"column":44},"end":{"line":39,"column":64}},"23":{"start":{"line":40,"column":19},"end":{"line":40,"column":44}},"24":{"start":{"line":41,"column":4},"end":{"line":41,"column":53}},"25":{"start":{"line":43,"column":2},"end":{"line":43,"column":20}}},"fnMap":{"0":{"name":"(anonymous_0)","decl":{"start":{"line":3,"column":19},"end":{"line":3,"column":20}},"loc":{"start":{"line":3,"column":30},"end":{"line":3,"column":48}},"line":3},"1":{"name":"(anonymous_1)","decl":{"start":{"line":5,"column":20},"end":{"line":5,"column":21}},"loc":{"start":{"line":5,"column":42},"end":{"line":13,"column":1}},"line":5},"2":{"name":"(anonymous_2)","decl":{"start":{"line":8,"column":35},"end":{"line":8,"column":36}},"loc":{"start":{"line":8,"column":44},"end":{"line":8,"column":91}},"line":8},"3":{"name":"(anonymous_3)","decl":{"start":{"line":15,"column":16},"end":{"line":15,"column":17}},"loc":{"start":{"line":15,"column":26},"end":{"line":44,"column":1}},"line":15},"4":{"name":"(anonymous_4)","decl":{"start":{"line":16,"column":15},"end":{"line":16,"column":16}},"loc":{"start":{"line":16,"column":36},"end":{"line":42,"column":3}},"line":16},"5":{"name":"(anonymous_5)","decl":{"start":{"line":17,"column":29},"end":{"line":17,"column":30}},"loc":{"start":{"line":17,"column":39},"end":{"line":38,"column":5}},"line":17},"6":{"name":"(anonymous_6)","decl":{"start":{"line":39,"column":36},"end":{"line":39,"column":37}},"loc":{"start":{"line":39,"column":44},"end":{"line":39,"column":64}},"line":39}},"branchMap":{"0":{"loc":{"start":{"line":5,"column":28},"end":{"line":5,"column":37}},"type":"default-arg","locations":[{"start":{"line":5,"column":36},"end":{"line":5,"column":37}}],"line":5},"1":{"loc":{"start":{"line":6,"column":2},"end":{"line":11,"column":3}},"type":"if","locations":[{"start":{"line":6,"column":2},"end":{"line":11,"column":3}},{"start":{"line":6,"column":2},"end":{"line":11,"column":3}}],"line":6},"2":{"loc":{"start":{"line":16,"column":22},"end":{"line":16,"column":31}},"type":"default-arg","locations":[{"start":{"line":16,"column":30},"end":{"line":16,"column":31}}],"line":16},"3":{"loc":{"start":{"line":18,"column":6},"end":{"line":37,"column":7}},"type":"switch","locations":[{"start":{"line":19,"column":8},"end":{"line":22,"column":9}},{"start":{"line":23,"column":8},"end":{"line":25,"column":9}},{"start":{"line":26,"column":8},"end":{"line":28,"column":9}},{"start":{"line":29,"column":8},"end":{"line":31,"column":9}},{"start":{"line":32,"column":8},"end":{"line":34,"column":9}},{"start":{"line":35,"column":8},"end":{"line":36,"column":33}}],"line":18}},"s":{"0":1,"1":153,"2":1,"3":84,"4":24,"5":24,"6":30,"7":24,"8":24,"9":60,"10":1,"11":3,"12":15,"13":54,"14":12,"15":12,"16":15,"17":6,"18":9,"19":12,"20":0,"21":15,"22":54,"23":15,"24":15,"25":3},"f":{"0":153,"1":84,"2":30,"3":3,"4":15,"5":54,"6":54},"b":{"0":[0],"1":[24,60],"2":[3],"3":[12,15,6,9,12,0]},"_coverageSchema":"1a1c01bbd47fc00a2c39e90264f33305004495a9","hash":"af64bf2f16756028713c8b1a30943a15ba304a19"}
}
