TN:
SF:src/index.js
FN:8,(anonymous_0)
FN:10,(anonymous_1)
FNF:2
FNH:2
FNDA:18,(anonymous_0)
FNDA:9,(anonymous_1)
DA:8,18
DA:10,1
DA:11,9
DA:12,9
DA:13,9
DA:14,9
DA:15,9
DA:16,9
LF:8
LH:8
BRDA:10,0,0,0
BRF:1
BRH:0
end_of_record
TN:
SF:src/makeDiff.js
FN:3,(anonymous_0)
FN:8,(anonymous_1)
FN:25,(anonymous_2)
FNF:3
FNH:3
FNDA:45,(anonymous_0)
FNDA:162,(anonymous_1)
FNDA:162,(anonymous_2)
DA:3,1
DA:4,45
DA:5,45
DA:6,45
DA:8,45
DA:9,162
DA:10,18
DA:12,144
DA:13,45
DA:15,99
DA:16,36
DA:18,63
DA:19,27
DA:21,36
DA:25,162
DA:26,45
LF:16
LH:16
BRDA:9,0,0,18
BRDA:9,0,1,144
BRDA:12,1,0,45
BRDA:12,1,1,99
BRDA:15,2,0,36
BRDA:15,2,1,63
BRDA:15,3,0,99
BRDA:15,3,1,45
BRDA:18,4,0,27
BRDA:18,4,1,36
BRF:10
BRH:10
end_of_record
TN:
SF:src/parsers.js
FN:5,(anonymous_0)
FN:14,(anonymous_1)
FN:18,(anonymous_2)
FN:20,(anonymous_3)
FNF:4
FNH:4
FNDA:18,(anonymous_0)
FNDA:69,(anonymous_1)
FNDA:54,(anonymous_2)
FNDA:117,(anonymous_3)
DA:6,18
DA:7,6
DA:9,12
DA:10,6
DA:12,6
DA:13,6
DA:14,6
DA:15,69
DA:16,69
DA:18,6
DA:19,54
DA:20,54
DA:21,117
DA:22,48
DA:23,48
DA:25,69
DA:26,69
DA:28,54
DA:29,54
DA:31,6
DA:33,0
LF:21
LH:20
BRDA:6,0,0,6
BRDA:6,0,1,12
BRDA:9,1,0,6
BRDA:9,1,1,6
BRDA:12,2,0,6
BRDA:12,2,1,0
BRDA:21,3,0,48
BRDA:21,3,1,69
BRDA:25,4,0,15
BRDA:25,4,1,54
BRF:10
BRH:9
end_of_record
TN:
SF:src/formatters/index.js
FN:4,(anonymous_0)
FNF:1
FNH:1
FNDA:9,(anonymous_0)
DA:5,9
DA:6,3
DA:7,6
DA:8,3
DA:9,3
DA:10,3
DA:12,0
LF:7
LH:6
BRDA:5,0,0,3
BRDA:5,0,1,6
BRDA:7,1,0,3
BRDA:7,1,1,3
BRDA:9,2,0,3
BRDA:9,2,1,0
BRF:6
BRH:5
end_of_record
TN:
SF:src/formatters/plain.js
FN:1,(anonymous_0)
FN:11,(anonymous_1)
FN:12,(anonymous_2)
FN:13,(anonymous_3)
FN:34,(anonymous_4)
FN:35,(anonymous_5)
FNF:6
FNH:6
FNDA:39,(anonymous_0)
FNDA:3,(anonymous_1)
FNDA:15,(anonymous_2)
FNDA:45,(anonymous_3)
FNDA:54,(anonymous_4)
FNDA:45,(anonymous_5)
DA:1,1
DA:2,39
DA:3,12
DA:5,27
DA:6,21
DA:8,6
DA:11,1
DA:12,3
DA:13,15
DA:14,45
DA:15,45
DA:16,45
DA:18,12
DA:19,12
DA:22,6
DA:25,15
DA:28,12
DA:31,0
DA:34,54
DA:35,45
DA:36,15
DA:37,15
DA:39,3
LF:23
LH:22
BRDA:2,0,0,12
BRDA:2,0,1,27
BRDA:5,1,0,21
BRDA:5,1,1,6
BRDA:12,2,0,3
BRDA:16,3,0,12
BRDA:16,3,1,6
BRDA:16,3,2,15
BRDA:16,3,3,12
BRDA:16,3,4,0
BRF:10
BRH:9
end_of_record
TN:
SF:src/formatters/stylish.js
FN:3,(anonymous_0)
FN:5,(anonymous_1)
FN:8,(anonymous_2)
FN:15,(anonymous_3)
FN:16,(anonymous_4)
FN:17,(anonymous_5)
FN:39,(anonymous_6)
FNF:7
FNH:7
FNDA:153,(anonymous_0)
FNDA:84,(anonymous_1)
FNDA:30,(anonymous_2)
FNDA:3,(anonymous_3)
FNDA:15,(anonymous_4)
FNDA:54,(anonymous_5)
FNDA:54,(anonymous_6)
DA:3,153
DA:5,1
DA:6,84
DA:7,24
DA:8,30
DA:9,24
DA:10,24
DA:12,60
DA:15,1
DA:16,3
DA:17,15
DA:18,54
DA:20,12
DA:21,12
DA:24,15
DA:27,6
DA:30,9
DA:33,12
DA:36,0
DA:39,54
DA:40,15
DA:41,15
DA:43,3
LF:23
LH:22
BRDA:5,0,0,0
BRDA:6,1,0,24
BRDA:6,1,1,60
BRDA:16,2,0,3
BRDA:18,3,0,12
BRDA:18,3,1,15
BRDA:18,3,2,6
BRDA:18,3,3,9
BRDA:18,3,4,12
BRDA:18,3,5,0
BRF:10
BRH:8
end_of_record
